{"/Users/ethan/workspace/dev-challenge/database/databaseQuery.js": {"path":"/Users/ethan/workspace/dev-challenge/database/databaseQuery.js","statementMap":{"0":{"start":{"line":1,"column":17},"end":{"line":1,"column":38}},"1":{"start":{"line":2,"column":15},"end":{"line":2,"column":34}},"2":{"start":{"line":4,"column":15},"end":{"line":7,"column":4}},"3":{"start":{"line":5,"column":24},"end":{"line":5,"column":49}},"4":{"start":{"line":6,"column":4},"end":{"line":6,"column":23}},"5":{"start":{"line":9,"column":2},"end":{"line":9,"column":28}},"6":{"start":{"line":13,"column":17},"end":{"line":15,"column":60}},"7":{"start":{"line":14,"column":17},"end":{"line":14,"column":31}},"8":{"start":{"line":15,"column":23},"end":{"line":15,"column":59}},"9":{"start":{"line":16,"column":2},"end":{"line":16,"column":16}},"10":{"start":{"line":20,"column":2},"end":{"line":24,"column":7}},"11":{"start":{"line":21,"column":17},"end":{"line":21,"column":29}},"12":{"start":{"line":23,"column":6},"end":{"line":23,"column":25}},"13":{"start":{"line":27,"column":0},"end":{"line":31,"column":2}}},"fnMap":{"0":{"name":"getCompanyList","decl":{"start":{"line":3,"column":9},"end":{"line":3,"column":23}},"loc":{"start":{"line":3,"column":26},"end":{"line":10,"column":1}},"line":3},"1":{"name":"(anonymous_1)","decl":{"start":{"line":4,"column":41},"end":{"line":4,"column":42}},"loc":{"start":{"line":4,"column":54},"end":{"line":7,"column":3}},"line":4},"2":{"name":"getProductByCompany","decl":{"start":{"line":12,"column":9},"end":{"line":12,"column":28}},"loc":{"start":{"line":12,"column":42},"end":{"line":17,"column":1}},"line":12},"3":{"name":"(anonymous_3)","decl":{"start":{"line":14,"column":9},"end":{"line":14,"column":10}},"loc":{"start":{"line":14,"column":17},"end":{"line":14,"column":31}},"line":14},"4":{"name":"(anonymous_4)","decl":{"start":{"line":15,"column":12},"end":{"line":15,"column":13}},"loc":{"start":{"line":15,"column":23},"end":{"line":15,"column":59}},"line":15},"5":{"name":"displayOrders","decl":{"start":{"line":19,"column":9},"end":{"line":19,"column":22}},"loc":{"start":{"line":19,"column":25},"end":{"line":25,"column":1}},"line":19},"6":{"name":"(anonymous_6)","decl":{"start":{"line":21,"column":9},"end":{"line":21,"column":10}},"loc":{"start":{"line":21,"column":17},"end":{"line":21,"column":29}},"line":21},"7":{"name":"(anonymous_7)","decl":{"start":{"line":22,"column":10},"end":{"line":22,"column":11}},"loc":{"start":{"line":22,"column":25},"end":{"line":24,"column":5}},"line":22}},"branchMap":{},"s":{"0":1,"1":1,"2":1,"3":5,"4":5,"5":1,"6":0,"7":0,"8":0,"9":0,"10":0,"11":0,"12":0,"13":1},"f":{"0":1,"1":5,"2":0,"3":0,"4":0,"5":0,"6":0,"7":0},"b":{},"_coverageSchema":"332fd63041d2c1bcb487cc26dd0d5f7d97098a6c","hash":"4d0ba3e3a8da3a986169af2729fa7a3aed5294e0"}
,"/Users/ethan/workspace/dev-challenge/database/mockdata.js": {"path":"/Users/ethan/workspace/dev-challenge/database/mockdata.js","statementMap":{"0":{"start":{"line":1,"column":17},"end":{"line":37,"column":1}},"1":{"start":{"line":39,"column":15},"end":{"line":41,"column":1}},"2":{"start":{"line":43,"column":0},"end":{"line":43,"column":26}}},"fnMap":{},"branchMap":{},"s":{"0":1,"1":1,"2":1},"f":{},"b":{},"_coverageSchema":"332fd63041d2c1bcb487cc26dd0d5f7d97098a6c","hash":"e659e5d664f5492e11a8309f8fa21842d4b3622b"}
,"/Users/ethan/workspace/dev-challenge/database/orders.js": {"path":"/Users/ethan/workspace/dev-challenge/database/orders.js","statementMap":{"0":{"start":{"line":1,"column":15},"end":{"line":28,"column":1}},"1":{"start":{"line":30,"column":0},"end":{"line":30,"column":24}}},"fnMap":{},"branchMap":{},"s":{"0":1,"1":1},"f":{},"b":{},"_coverageSchema":"332fd63041d2c1bcb487cc26dd0d5f7d97098a6c","hash":"255829179b68d3982adb4d2c4ff6ff3d63044961"}
}
