TN:
SF:/Users/ethan/workspace/dev-challenge/database/databaseQuery.js
FN:3,getCompanyList
FN:4,(anonymous_1)
FN:12,getProductByCompany
FN:14,(anonymous_3)
FN:15,(anonymous_4)
FN:19,displayOrders
FN:21,(anonymous_6)
FN:22,(anonymous_7)
FNF:8
FNH:2
FNDA:1,getCompanyList
FNDA:5,(anonymous_1)
FNDA:0,getProductByCompany
FNDA:0,(anonymous_3)
FNDA:0,(anonymous_4)
FNDA:0,displayOrders
FNDA:0,(anonymous_6)
FNDA:0,(anonymous_7)
DA:1,1
DA:2,1
DA:4,1
DA:5,5
DA:6,5
DA:9,1
DA:13,0
DA:14,0
DA:15,0
DA:16,0
DA:20,0
DA:21,0
DA:23,0
DA:27,1
LF:14
LH:7
BRF:0
BRH:0
end_of_record
TN:
SF:/Users/ethan/workspace/dev-challenge/database/mockdata.js
FNF:0
FNH:0
DA:1,1
DA:39,1
DA:43,1
LF:3
LH:3
BRF:0
BRH:0
end_of_record
TN:
SF:/Users/ethan/workspace/dev-challenge/database/orders.js
FNF:0
FNH:0
DA:1,1
DA:30,1
LF:2
LH:2
BRF:0
BRH:0
end_of_record
